<?xml version="1.0" encoding="UTF-8"?>
<testsuite name="com.gisauto.RunnerTest" time="2.501" tests="95" errors="2" skipped="4" failures="0">
  <properties>
    <property name="idea.version" value="2018.1.4"/>
    <property name="java.runtime.name" value="Java(TM) SE Runtime Environment"/>
    <property name="sun.boot.library.path" value="C:\Program Files\Java\jdk1.8.0_161\jre\bin"/>
    <property name="java.vm.version" value="25.161-b12"/>
    <property name="java.vm.vendor" value="Oracle Corporation"/>
    <property name="maven.multiModuleProjectDirectory" value="C:\Autotest\Autotest"/>
    <property name="java.vendor.url" value="http://java.oracle.com/"/>
    <property name="path.separator" value=";"/>
    <property name="guice.disable.misplaced.annotation.check" value="true"/>
    <property name="java.vm.name" value="Java HotSpot(TM) 64-Bit Server VM"/>
    <property name="file.encoding.pkg" value="sun.io"/>
    <property name="user.script" value=""/>
    <property name="user.country" value="RU"/>
    <property name="sun.java.launcher" value="SUN_STANDARD"/>
    <property name="sun.os.patch.level" value=""/>
    <property name="java.vm.specification.name" value="Java Virtual Machine Specification"/>
    <property name="user.dir" value="C:\Autotest\Autotest"/>
    <property name="java.runtime.version" value="1.8.0_161-b12"/>
    <property name="java.awt.graphicsenv" value="sun.awt.Win32GraphicsEnvironment"/>
    <property name="java.endorsed.dirs" value="C:\Program Files\Java\jdk1.8.0_161\jre\lib\endorsed"/>
    <property name="os.arch" value="amd64"/>
    <property name="java.io.tmpdir" value="C:\Users\C172~1\AppData\Local\Temp\"/>
    <property name="line.separator" value="&#10;"/>
    <property name="java.vm.specification.vendor" value="Oracle Corporation"/>
    <property name="user.variant" value=""/>
    <property name="os.name" value="Windows 10"/>
    <property name="classworlds.conf" value="C:\Program Files\JetBrains\IntelliJ IDEA Community Edition 2018.1.4\plugins\maven\lib\maven3\bin\m2.conf"/>
    <property name="sun.jnu.encoding" value="Cp1251"/>
    <property name="java.library.path" value="C:\Program Files\Java\jdk1.8.0_161\bin;C:\WINDOWS\Sun\Java\bin;C:\WINDOWS\system32;C:\WINDOWS;C:\Program Files (x86)\Common Files\Oracle\Java\javapath;C:\ProgramData\Oracle\Java\javapath;C:\WINDOWS\system32;C:\WINDOWS;C:\WINDOWS\System32\Wbem;C:\WINDOWS\System32\WindowsPowerShell\v1.0\;C:\Program Files\PuTTY\;C:\Program Files (x86)\OpenVPN\bin;C:\Program Files\Git\cmd;C:\PhantomJs\bin\phantomjs;C:\chromedriver;C:\Program Files\Java\jdk1.8.0_161\bin\;;C:\WINDOWS\System32\OpenSSH\;C:\Users\Тестер\scoop\apps\openjdk\current\bin;C:\Users\Тестер\scoop\shims;C:\Users\Тестер\AppData\Local\Microsoft\WindowsApps;C:\Users\Тестер\AppData\Local\Microsoft\WindowsApps;C:\Users\Тестер\AppData\Local\atom\bin;C:\Program Files\Maven\apache-maven-3.5.3\bin;C:\Program Files\Maven\apache-maven-3.5.3\bin\bin;C:\Program Files\Java\jdk1.8.0_161\bin\;;."/>
    <property name="java.specification.name" value="Java Platform API Specification"/>
    <property name="java.class.version" value="52.0"/>
    <property name="sun.management.compiler" value="HotSpot 64-Bit Tiered Compilers"/>
    <property name="os.version" value="10.0"/>
    <property name="user.home" value="C:\Users\Тестер"/>
    <property name="user.timezone" value="Asia/Novosibirsk"/>
    <property name="java.awt.printerjob" value="sun.awt.windows.WPrinterJob"/>
    <property name="java.specification.version" value="1.8"/>
    <property name="file.encoding" value="UTF-8"/>
    <property name="user.name" value="Тестер"/>
    <property name="java.class.path" value="C:\Program Files\JetBrains\IntelliJ IDEA Community Edition 2018.1.4\plugins\maven\lib\maven3\boot\plexus-classworlds-2.5.2.jar;C:\Program Files\JetBrains\IntelliJ IDEA Community Edition 2018.1.4\lib\idea_rt.jar"/>
    <property name="java.vm.specification.version" value="1.8"/>
    <property name="sun.arch.data.model" value="64"/>
    <property name="java.home" value="C:\Program Files\Java\jdk1.8.0_161\jre"/>
    <property name="sun.java.command" value="org.codehaus.classworlds.Launcher -Didea.version=2018.1.4 clean test -f pom.xml"/>
    <property name="java.specification.vendor" value="Oracle Corporation"/>
    <property name="user.language" value="ru"/>
    <property name="awt.toolkit" value="sun.awt.windows.WToolkit"/>
    <property name="java.vm.info" value="mixed mode"/>
    <property name="java.version" value="1.8.0_161"/>
    <property name="java.ext.dirs" value="C:\Program Files\Java\jdk1.8.0_161\jre\lib\ext;C:\WINDOWS\Sun\Java\lib\ext"/>
    <property name="sun.boot.class.path" value="C:\Program Files\Java\jdk1.8.0_161\jre\lib\resources.jar;C:\Program Files\Java\jdk1.8.0_161\jre\lib\rt.jar;C:\Program Files\Java\jdk1.8.0_161\jre\lib\sunrsasign.jar;C:\Program Files\Java\jdk1.8.0_161\jre\lib\jsse.jar;C:\Program Files\Java\jdk1.8.0_161\jre\lib\jce.jar;C:\Program Files\Java\jdk1.8.0_161\jre\lib\charsets.jar;C:\Program Files\Java\jdk1.8.0_161\jre\lib\jfr.jar;C:\Program Files\Java\jdk1.8.0_161\jre\classes"/>
    <property name="java.vendor" value="Oracle Corporation"/>
    <property name="maven.home" value="C:\Program Files\JetBrains\IntelliJ IDEA Community Edition 2018.1.4\plugins\maven\lib\maven3"/>
    <property name="file.separator" value="\"/>
    <property name="java.vendor.url.bug" value="http://bugreport.sun.com/bugreport/"/>
    <property name="sun.cpu.endian" value="little"/>
    <property name="sun.io.unicode.encoding" value="UnicodeLittle"/>
    <property name="sun.desktop" value="windows"/>
    <property name="sun.cpu.isalist" value="amd64"/>
  </properties>
  <testcase name="Дано пользователь открывает главную страницу" classname="Сценарий: Отзыв добавление" time="0.003"/>
  <testcase name="И пользователь нажимает войти" classname="Сценарий: Отзыв добавление" time="0"/>
  <testcase name="Если пользователь вводит логин пароль &quot;qwedsa12@mail.ru&quot; &quot;gisgis&quot;" classname="Сценарий: Отзыв добавление" time="0"/>
  <testcase name="И пользователь открывает страницу &quot;https://beta.gisauto.ru/poisk-po-nomeru/toyota/1340517010&quot;" classname="Сценарий: Отзыв добавление" time="0"/>
  <testcase name="И пользователь закрывает помощника" classname="Сценарий: Отзыв добавление" time="0"/>
  <testcase name="И пользователь нажимает написать отзыв &quot;qagisauto&quot;" classname="Сценарий: Отзыв добавление" time="0"/>
  <testcase name="И пользователь нажимает добавить отзыв" classname="Сценарий: Отзыв добавление" time="0"/>
  <testcase name="И пользователь вводит текст отзыва" classname="Сценарий: Отзыв добавление" time="0"/>
  <testcase name="И пользователь нажимает поставить оценку" classname="Сценарий: Отзыв добавление" time="0"/>
  <testcase name="И пользователь нажимает отправить" classname="Сценарий: Отзыв добавление" time="0.001"/>
  <testcase name="И пользователь заходит в админку" classname="Сценарий: Отзыв добавление" time="0"/>
  <testcase name="И пользователь нажимает на модерацию отзывов" classname="Сценарий: Отзыв добавление" time="0"/>
  <testcase name="И пользователь нажимает на кнопку принять" classname="Сценарий: Отзыв добавление" time="0"/>
  <testcase name="И пользователь открывает страницу &quot;https://beta.gisauto.ru/poisk-po-nomeru/toyota/1340517010&quot;" classname="Сценарий: Отзыв добавление" time="0"/>
  <testcase name="И пользователь нажимает написать отзыв &quot;qagisauto&quot;" classname="Сценарий: Отзыв добавление" time="0"/>
  <testcase name="То появился отзыв" classname="Сценарий: Отзыв добавление" time="0"/>
  <testcase name="Сценарий: Отзыв добавление" classname="Сценарий: Отзыв добавление" time="0.859"/>
  <testcase name="Дано пользователь открывает главную страницу" classname="Сценарий: Отзыв отклонение" time="0"/>
  <testcase name="И пользователь нажимает войти" classname="Сценарий: Отзыв отклонение" time="0"/>
  <testcase name="Если пользователь вводит логин пароль &quot;qwedsa12@mail.ru&quot; &quot;gisgis&quot;" classname="Сценарий: Отзыв отклонение" time="0"/>
  <testcase name="И пользователь открывает страницу &quot;https://beta.gisauto.ru/poisk-po-nomeru/toyota/1340517010&quot;" classname="Сценарий: Отзыв отклонение" time="0"/>
  <testcase name="И пользователь закрывает помощника" classname="Сценарий: Отзыв отклонение" time="0"/>
  <testcase name="И пользователь нажимает написать отзыв &quot;qagisauto&quot;" classname="Сценарий: Отзыв отклонение" time="0"/>
  <testcase name="И пользователь нажимает добавить отзыв" classname="Сценарий: Отзыв отклонение" time="0"/>
  <testcase name="И пользователь вводит текст отзыва" classname="Сценарий: Отзыв отклонение" time="0"/>
  <testcase name="И пользователь нажимает поставить оценку" classname="Сценарий: Отзыв отклонение" time="0"/>
  <testcase name="И пользователь нажимает отправить" classname="Сценарий: Отзыв отклонение" time="0"/>
  <testcase name="И пользователь заходит в админку" classname="Сценарий: Отзыв отклонение" time="0"/>
  <testcase name="И пользователь нажимает на модерацию отзывов" classname="Сценарий: Отзыв отклонение" time="0"/>
  <testcase name="И пользователь нажимает на кнопку отклонить" classname="Сценарий: Отзыв отклонение" time="0"/>
  <testcase name="И пользователь открывает страницу &quot;https://beta.gisauto.ru/poisk-po-nomeru/toyota/1340517010&quot;" classname="Сценарий: Отзыв отклонение" time="0"/>
  <testcase name="И пользователь нажимает написать отзыв &quot;qagisauto&quot;" classname="Сценарий: Отзыв отклонение" time="0"/>
  <testcase name="То удалился отзыв" classname="Сценарий: Отзыв отклонение" time="0"/>
  <testcase name="Сценарий: Отзыв отклонение" classname="Сценарий: Отзыв отклонение" time="0.806"/>
  <testcase name="Дано пользователь открывает главную страницу" classname="Сценарий: Отзыв жалоба" time="0"/>
  <testcase name="И пользователь нажимает войти" classname="Сценарий: Отзыв жалоба" time="0"/>
  <testcase name="Если пользователь вводит логин пароль &quot;qwedsa12@mail.ru&quot; &quot;gisgis&quot;" classname="Сценарий: Отзыв жалоба" time="0.001"/>
  <testcase name="И пользователь открывает страницу &quot;https://beta.gisauto.ru/poisk-po-nomeru/toyota/1340517010&quot;" classname="Сценарий: Отзыв жалоба" time="0"/>
  <testcase name="И пользователь закрывает помощника" classname="Сценарий: Отзыв жалоба" time="0"/>
  <testcase name="И пользователь нажимает написать отзыв &quot;qagisauto&quot;" classname="Сценарий: Отзыв жалоба" time="0"/>
  <testcase name="И пользователь нажимает добавить отзыв" classname="Сценарий: Отзыв жалоба" time="0"/>
  <testcase name="И пользователь вводит текст отзыва" classname="Сценарий: Отзыв жалоба" time="0"/>
  <testcase name="И пользователь нажимает поставить оценку" classname="Сценарий: Отзыв жалоба" time="0"/>
  <testcase name="И пользователь нажимает отправить" classname="Сценарий: Отзыв жалоба" time="0"/>
  <testcase name="И пользователь заходит в админку" classname="Сценарий: Отзыв жалоба" time="0"/>
  <testcase name="И пользователь нажимает на модерацию отзывов" classname="Сценарий: Отзыв жалоба" time="0"/>
  <testcase name="И пользователь нажимает на кнопку принять" classname="Сценарий: Отзыв жалоба" time="0"/>
  <testcase name="И пользователь открывает главную страницу" classname="Сценарий: Отзыв жалоба" time="0"/>
  <testcase name="И пользователь нажимает на профиль" classname="Сценарий: Отзыв жалоба" time="0"/>
  <testcase name="И пользователь нажимает выход &quot;физ&quot;" classname="Сценарий: Отзыв жалоба" time="0"/>
  <testcase name="И пользователь нажимает войти" classname="Сценарий: Отзыв жалоба" time="0"/>
  <testcase name="И пользователь вводит логин пароль &quot;qagisauto@mail.ru&quot; &quot;qagisauto&quot;" classname="Сценарий: Отзыв жалоба" time="0"/>
  <testcase name="И пользователь нажимает на отзывы" classname="Сценарий: Отзыв жалоба" time="0"/>
  <testcase name="И пользователь нажимает пожаловаться на отзыв" classname="Сценарий: Отзыв жалоба" time="0"/>
  <testcase name="И пользователь нажимает другая причина" classname="Сценарий: Отзыв жалоба" time="0"/>
  <testcase name="И пользователь вводит текст жалобы &quot;Не согласен!&quot;" classname="Сценарий: Отзыв жалоба" time="0"/>
  <testcase name="И пользователь нажимает отправить жалобу" classname="Сценарий: Отзыв жалоба" time="0"/>
  <testcase name="И пользователь заходит в админку" classname="Сценарий: Отзыв жалоба" time="0"/>
  <testcase name="И пользователь нажимает на модерацию отзывов" classname="Сценарий: Отзыв жалоба" time="0"/>
  <testcase name="И пользователь нажимает на кнопку принять жалобу" classname="Сценарий: Отзыв жалоба" time="0"/>
  <testcase name="И пользователь открывает главную страницу" classname="Сценарий: Отзыв жалоба" time="0"/>
  <testcase name="И пользователь открывает страницу &quot;https://beta.gisauto.ru/poisk-po-nomeru/toyota/1340517010&quot;" classname="Сценарий: Отзыв жалоба" time="0"/>
  <testcase name="И пользователь открывает отзывы о магазине" classname="Сценарий: Отзыв жалоба" time="0"/>
  <testcase name="То удалился отзыв" classname="Сценарий: Отзыв жалоба" time="0"/>
  <testcase name="Сценарий: Отзыв жалоба" classname="Сценарий: Отзыв жалоба" time="0.801"/>
  <testcase name="Дано пользователь открывает главную страницу" classname="Сценарий: Отзыв ответ" time="0"/>
  <testcase name="И пользователь нажимает войти" classname="Сценарий: Отзыв ответ" time="0"/>
  <testcase name="Если пользователь вводит логин пароль &quot;qwedsa12@mail.ru&quot; &quot;gisgis&quot;" classname="Сценарий: Отзыв ответ" time="0"/>
  <testcase name="И пользователь открывает страницу &quot;https://beta.gisauto.ru/poisk-po-nomeru/toyota/1340517010&quot;" classname="Сценарий: Отзыв ответ" time="0"/>
  <testcase name="И пользователь закрывает помощника" classname="Сценарий: Отзыв ответ" time="0"/>
  <testcase name="И пользователь нажимает написать отзыв &quot;qagisauto&quot;" classname="Сценарий: Отзыв ответ" time="0"/>
  <testcase name="И пользователь нажимает добавить отзыв" classname="Сценарий: Отзыв ответ" time="0"/>
  <testcase name="И пользователь вводит текст отзыва" classname="Сценарий: Отзыв ответ" time="0"/>
  <testcase name="И пользователь нажимает поставить оценку" classname="Сценарий: Отзыв ответ" time="0"/>
  <testcase name="И пользователь нажимает отправить" classname="Сценарий: Отзыв ответ" time="0"/>
  <testcase name="И пользователь заходит в админку" classname="Сценарий: Отзыв ответ" time="0"/>
  <testcase name="И пользователь нажимает на модерацию отзывов" classname="Сценарий: Отзыв ответ" time="0"/>
  <testcase name="И пользователь нажимает на кнопку принять" classname="Сценарий: Отзыв ответ" time="0"/>
  <testcase name="И пользователь открывает главную страницу" classname="Сценарий: Отзыв ответ" time="0"/>
  <testcase name="И пользователь нажимает на профиль" classname="Сценарий: Отзыв ответ" time="0"/>
  <testcase name="И пользователь нажимает выход &quot;физ&quot;" classname="Сценарий: Отзыв ответ" time="0"/>
  <testcase name="И пользователь нажимает войти" classname="Сценарий: Отзыв ответ" time="0"/>
  <testcase name="И пользователь вводит логин пароль &quot;qagisauto@mail.ru&quot; &quot;qagisauto&quot;" classname="Сценарий: Отзыв ответ" time="0"/>
  <testcase name="И пользователь нажимает на отзывы" classname="Сценарий: Отзыв ответ" time="0"/>
  <testcase name="И пользователь нажимает ответить на отзыв" classname="Сценарий: Отзыв ответ" time="0"/>
  <testcase name="И пользователь вводит текст ответа на отзыв &quot;тест ответ1!&quot;" classname="Сценарий: Отзыв ответ" time="0"/>
  <testcase name="И пользователь нажимает кнопку отправить ответ" classname="Сценарий: Отзыв ответ" time="0"/>
  <testcase name="И пользователь заходит в админку" classname="Сценарий: Отзыв ответ" time="0"/>
  <testcase name="И пользователь нажимает на модерацию отзывов" classname="Сценарий: Отзыв ответ" time="0"/>
  <testcase name="И пользователь нажимает на кнопку принять ответ на отзыв &quot;тест ответ1&quot;" classname="Сценарий: Отзыв ответ" time="0.015">
    <error message="Не удалось найти элемент по By.xpath: /html/body/div[1]/div[1]/table/tbody/tr[11]/td[4]&#10;Истекло время ожидания равное 60 сек." type="java.lang.RuntimeException">java.lang.RuntimeException: Не удалось найти элемент по By.xpath: /html/body/div[1]/div[1]/table/tbody/tr[11]/td[4]
Истекло время ожидания равное 60 сек.
	at com.gisauto.pageObjects.Page.tryFindElement(Page.java:87)
	at com.gisauto.pageObjects.Page.getElement(Page.java:151)
	at com.gisauto.pageObjects.admin.AdminBasePage.getTr(AdminBasePage.java:28)
	at com.gisauto.pageObjects.admin.FeedbackModerationPage.clickOnAcceptFeedbackAnswer(FeedbackModerationPage.java:35)
	at com.gisauto.stepdefs.AdminStepDefs.пользовательНажимаетНаКнопкуПринятьОтветНаОтзыв(AdminStepDefs.java:44)
	at ✽.И пользователь нажимает на кнопку принять ответ на отзыв "тест ответ1"(testFeedback/13-TestFeedback.feature:122)
</error>
  </testcase>
  <testcase name="Сценарий: Отзыв ответ" classname="Сценарий: Отзыв ответ" time="0.015">
    <error message="Не удалось найти элемент по By.xpath: /html/body/div[1]/div[1]/table/tbody/tr[11]/td[4]&#10;Истекло время ожидания равное 60 сек." type="java.lang.RuntimeException">java.lang.RuntimeException: Не удалось найти элемент по By.xpath: /html/body/div[1]/div[1]/table/tbody/tr[11]/td[4]
Истекло время ожидания равное 60 сек.
	at com.gisauto.pageObjects.Page.tryFindElement(Page.java:87)
	at com.gisauto.pageObjects.Page.getElement(Page.java:151)
	at com.gisauto.pageObjects.admin.AdminBasePage.getTr(AdminBasePage.java:28)
	at com.gisauto.pageObjects.admin.FeedbackModerationPage.clickOnAcceptFeedbackAnswer(FeedbackModerationPage.java:35)
	at com.gisauto.stepdefs.AdminStepDefs.пользовательНажимаетНаКнопкуПринятьОтветНаОтзыв(AdminStepDefs.java:44)
	at ✽.И пользователь нажимает на кнопку принять ответ на отзыв "тест ответ1"(testFeedback/13-TestFeedback.feature:122)
</error>
  </testcase>
  <testcase name="И пользователь открывает главную страницу" classname="Сценарий: Отзыв ответ" time="0">
    <skipped/>
  </testcase>
  <testcase name="И пользователь открывает страницу &quot;https://beta.gisauto.ru/poisk-po-nomeru/toyota/1340517010&quot;" classname="Сценарий: Отзыв ответ" time="0">
    <skipped/>
  </testcase>
  <testcase name="И пользователь открывает отзывы о магазине" classname="Сценарий: Отзыв ответ" time="0">
    <skipped/>
  </testcase>
  <testcase name="То появился ответ на отзыв &quot;тест ответ1&quot;" classname="Сценарий: Отзыв ответ" time="0">
    <skipped/>
  </testcase>
</testsuite>